0 info it worked if it ends with ok
1 verbose cli [ '/Users/BICKLEY/.nvm/versions/node/v6.2.1/bin/node',
1 verbose cli   '/Users/BICKLEY/.nvm/versions/node/v6.2.1/bin/npm',
1 verbose cli   'start' ]
2 info using npm@3.9.3
3 info using node@v6.2.1
4 verbose run-script [ 'prestart', 'start', 'poststart' ]
5 info lifecycle reactTravelApp@1.0.0~prestart: reactTravelApp@1.0.0
6 verbose lifecycle reactTravelApp@1.0.0~prestart: unsafe-perm in lifecycle true
7 verbose lifecycle reactTravelApp@1.0.0~prestart: PATH: /Users/BICKLEY/.nvm/versions/node/v6.2.1/lib/node_modules/npm/bin/node-gyp-bin:/Users/BICKLEY/temp/ch2.0/jul_CH/jul_hw/reactTravelApp/node_modules/.bin:/Users/BICKLEY/.nvm/versions/node/v6.2.1/bin:/Users/BICKLEY/.nvm/versions/node/v6.2.1/bin:/usr/local/bin:/usr/bin:/bin:/usr/sbin:/sbin:/opt/X11/bin
8 verbose lifecycle reactTravelApp@1.0.0~prestart: CWD: /Users/BICKLEY/temp/ch2.0/jul_CH/jul_hw/reactTravelApp
9 silly lifecycle reactTravelApp@1.0.0~prestart: Args: [ '-c', 'babel-node tools/startMessage.js' ]
10 silly lifecycle reactTravelApp@1.0.0~prestart: Returned: code: 0  signal: null
11 info lifecycle reactTravelApp@1.0.0~start: reactTravelApp@1.0.0
12 verbose lifecycle reactTravelApp@1.0.0~start: unsafe-perm in lifecycle true
13 verbose lifecycle reactTravelApp@1.0.0~start: PATH: /Users/BICKLEY/.nvm/versions/node/v6.2.1/lib/node_modules/npm/bin/node-gyp-bin:/Users/BICKLEY/temp/ch2.0/jul_CH/jul_hw/reactTravelApp/node_modules/.bin:/Users/BICKLEY/.nvm/versions/node/v6.2.1/bin:/Users/BICKLEY/.nvm/versions/node/v6.2.1/bin:/usr/local/bin:/usr/bin:/bin:/usr/sbin:/sbin:/opt/X11/bin
14 verbose lifecycle reactTravelApp@1.0.0~start: CWD: /Users/BICKLEY/temp/ch2.0/jul_CH/jul_hw/reactTravelApp
15 silly lifecycle reactTravelApp@1.0.0~start: Args: [ '-c', 'babel-node tools/srcServer.js' ]
16 silly lifecycle reactTravelApp@1.0.0~start: Returned: code: 1  signal: null
17 info lifecycle reactTravelApp@1.0.0~start: Failed to exec start script
18 verbose stack Error: reactTravelApp@1.0.0 start: `babel-node tools/srcServer.js`
18 verbose stack Exit status 1
18 verbose stack     at EventEmitter.<anonymous> (/Users/BICKLEY/.nvm/versions/node/v6.2.1/lib/node_modules/npm/lib/utils/lifecycle.js:245:16)
18 verbose stack     at emitTwo (events.js:106:13)
18 verbose stack     at EventEmitter.emit (events.js:191:7)
18 verbose stack     at ChildProcess.<anonymous> (/Users/BICKLEY/.nvm/versions/node/v6.2.1/lib/node_modules/npm/lib/utils/spawn.js:24:14)
18 verbose stack     at emitTwo (events.js:106:13)
18 verbose stack     at ChildProcess.emit (events.js:191:7)
18 verbose stack     at maybeClose (internal/child_process.js:852:16)
18 verbose stack     at Process.ChildProcess._handle.onexit (internal/child_process.js:215:5)
19 verbose pkgid reactTravelApp@1.0.0
20 verbose cwd /Users/BICKLEY/temp/ch2.0/jul_CH/jul_hw/reactTravelApp
21 error Darwin 14.5.0
22 error argv "/Users/BICKLEY/.nvm/versions/node/v6.2.1/bin/node" "/Users/BICKLEY/.nvm/versions/node/v6.2.1/bin/npm" "start"
23 error node v6.2.1
24 error npm  v3.9.3
25 error code ELIFECYCLE
26 error reactTravelApp@1.0.0 start: `babel-node tools/srcServer.js`
26 error Exit status 1
27 error Failed at the reactTravelApp@1.0.0 start script 'babel-node tools/srcServer.js'.
27 error Make sure you have the latest version of node.js and npm installed.
27 error If you do, this is most likely a problem with the reactTravelApp package,
27 error not with npm itself.
27 error Tell the author that this fails on your system:
27 error     babel-node tools/srcServer.js
27 error You can get information on how to open an issue for this project with:
27 error     npm bugs reactTravelApp
27 error Or if that isn't available, you can get their info via:
27 error     npm owner ls reactTravelApp
27 error There is likely additional logging output above.
28 verbose exit [ 1, true ]
